<?xml version="1.0" encoding="UTF-8"?>
<testng-results ignored="0" total="4" passed="4" failed="0" skipped="0">
  <reporter-output>
  </reporter-output>
  <suite started-at="2026-07-14T23:04:57 EDT" name="CucumberSuite" finished-at="2026-07-14T23:05:31 EDT" duration-ms="33817">
    <groups>
      <group name="cucumber">
        <method signature="AbstractTestNGCucumberTests.runScenario(io.cucumber.testng.PickleWrapper,io.cucumber.testng.FeatureWrapper)[pri:0, instance:runners.CucumberTestRunner@198ef2ce]" name="runScenario" class="io.cucumber.testng.AbstractTestNGCucumberTests"/>
      </group> <!-- cucumber -->
    </groups>
    <test started-at="2026-07-14T23:04:57 EDT" name="Cucumber BDD Tests" finished-at="2026-07-14T23:05:31 EDT" duration-ms="33817">
      <class name="runners.CucumberTestRunner">
        <test-method is-config="true" signature="setUpClass(org.testng.ITestContext)[pri:0, instance:runners.CucumberTestRunner@198ef2ce]" started-at="2026-07-14T23:04:57 EDT" name="setUpClass" finished-at="2026-07-14T23:04:57 EDT" duration-ms="137" status="PASS">
          <params>
            <param index="0">
              <value>
                <![CDATA[org.testng.TestRunner@7bfa1eb5]]>
              </value>
            </param>
          </params>
          <reporter-output>
          </reporter-output>
        </test-method> <!-- setUpClass -->
        <test-method signature="runScenario(io.cucumber.testng.PickleWrapper,io.cucumber.testng.FeatureWrapper)[pri:0, instance:runners.CucumberTestRunner@198ef2ce]" started-at="2026-07-14T23:04:57 EDT" name="runScenario" description="Runs Cucumber Scenarios" data-provider="scenarios" finished-at="2026-07-14T23:05:04 EDT" duration-ms="6374" status="PASS">
          <params>
            <param index="0">
              <value>
                <![CDATA["Main screen loads with all menu items"]]>
              </value>
            </param>
            <param index="1">
              <value>
                <![CDATA["ApiDemos main screen navigation"]]>
              </value>
            </param>
          </params>
          <reporter-output>
          </reporter-output>
        </test-method> <!-- runScenario -->
        <test-method signature="runScenario(io.cucumber.testng.PickleWrapper,io.cucumber.testng.FeatureWrapper)[pri:0, instance:runners.CucumberTestRunner@198ef2ce]" started-at="2026-07-14T23:05:04 EDT" name="runScenario" description="Runs Cucumber Scenarios" data-provider="scenarios" finished-at="2026-07-14T23:05:13 EDT" duration-ms="9488" status="PASS">
          <params>
            <param index="0">
              <value>
                <![CDATA["Opening a menu item keeps the app in the foreground"]]>
              </value>
            </param>
            <param index="1">
              <value>
                <![CDATA["ApiDemos main screen navigation"]]>
              </value>
            </param>
          </params>
          <reporter-output>
          </reporter-output>
        </test-method> <!-- runScenario -->
        <test-method signature="runScenario(io.cucumber.testng.PickleWrapper,io.cucumber.testng.FeatureWrapper)[pri:0, instance:runners.CucumberTestRunner@198ef2ce]" started-at="2026-07-14T23:05:13 EDT" name="runScenario" description="Runs Cucumber Scenarios" data-provider="scenarios" finished-at="2026-07-14T23:05:22 EDT" duration-ms="9093" status="PASS">
          <params>
            <param index="0">
              <value>
                <![CDATA["Opening a menu item keeps the app in the foreground"]]>
              </value>
            </param>
            <param index="1">
              <value>
                <![CDATA["ApiDemos main screen navigation"]]>
              </value>
            </param>
          </params>
          <reporter-output>
          </reporter-output>
        </test-method> <!-- runScenario -->
        <test-method signature="runScenario(io.cucumber.testng.PickleWrapper,io.cucumber.testng.FeatureWrapper)[pri:0, instance:runners.CucumberTestRunner@198ef2ce]" started-at="2026-07-14T23:05:22 EDT" name="runScenario" description="Runs Cucumber Scenarios" data-provider="scenarios" finished-at="2026-07-14T23:05:31 EDT" duration-ms="8682" status="PASS">
          <params>
            <param index="0">
              <value>
                <![CDATA["Opening a menu item keeps the app in the foreground"]]>
              </value>
            </param>
            <param index="1">
              <value>
                <![CDATA["ApiDemos main screen navigation"]]>
              </value>
            </param>
          </params>
          <reporter-output>
          </reporter-output>
        </test-method> <!-- runScenario -->
        <test-method is-config="true" signature="tearDownClass()[pri:0, instance:runners.CucumberTestRunner@198ef2ce]" started-at="2026-07-14T23:05:31 EDT" name="tearDownClass" finished-at="2026-07-14T23:05:31 EDT" duration-ms="6" status="PASS">
          <reporter-output>
          </reporter-output>
        </test-method> <!-- tearDownClass -->
      </class> <!-- runners.CucumberTestRunner -->
    </test> <!-- Cucumber BDD Tests -->
  </suite> <!-- CucumberSuite -->
</testng-results>
