<?xml version="1.0" encoding="UTF-8"?>
<!-- Generated by org.testng.reporters.JUnitReportReporter -->
<testsuite hostname="Mac" failures="0" tests="4" name="runners.CucumberTestRunner" time="33.637" errors="0" timestamp="2026-07-14T23:05:31 EDT" skipped="0">
  <testcase classname="runners.CucumberTestRunner" name="runScenario" time="9.488"/>
  <testcase classname="runners.CucumberTestRunner" name="runScenario" time="6.374"/>
  <testcase classname="runners.CucumberTestRunner" name="runScenario" time="9.093"/>
  <testcase classname="runners.CucumberTestRunner" name="runScenario" time="8.682"/>
</testsuite> <!-- runners.CucumberTestRunner -->
